<?xml version="1.0" encoding="UTF-8"?>
<testng-results skipped="0" failed="0" ignored="0" total="2" passed="2">
  <reporter-output>
  </reporter-output>
  <suite name="Suite" duration-ms="4376" started-at="2021-02-24T05:59:39Z" finished-at="2021-02-24T05:59:44Z">
    <groups>
    </groups>
    <test name="Test" duration-ms="4376" started-at="2021-02-24T05:59:39Z" finished-at="2021-02-24T05:59:44Z">
      <class name="Maven.Simplilearn_Maven.AppTest">
        <test-method status="PASS" signature="testApp()[pri:0, instance:Maven.Simplilearn_Maven.AppTest@27f723]" name="testApp" duration-ms="1" started-at="2021-02-24T05:59:44Z" finished-at="2021-02-24T05:59:44Z">
          <reporter-output>
          </reporter-output>
        </test-method> <!-- testApp -->
      </class> <!-- Maven.Simplilearn_Maven.AppTest -->
      <class name="test.TestCase1">
        <test-method status="PASS" signature="setup()[pri:0, instance:test.TestCase1@5f3a4b84]" name="setup" is-config="true" duration-ms="1307" started-at="2021-02-24T05:59:39Z" finished-at="2021-02-24T05:59:41Z">
          <reporter-output>
          </reporter-output>
        </test-method> <!-- setup -->
        <test-method status="PASS" signature="LoginTest()[pri:0, instance:test.TestCase1@5f3a4b84]" name="LoginTest" duration-ms="2982" started-at="2021-02-24T05:59:41Z" finished-at="2021-02-24T05:59:44Z">
          <reporter-output>
          </reporter-output>
        </test-method> <!-- LoginTest -->
        <test-method status="PASS" signature="CloseBrowser()[pri:0, instance:test.TestCase1@5f3a4b84]" name="CloseBrowser" is-config="true" duration-ms="71" started-at="2021-02-24T05:59:44Z" finished-at="2021-02-24T05:59:44Z">
          <reporter-output>
          </reporter-output>
        </test-method> <!-- CloseBrowser -->
      </class> <!-- test.TestCase1 -->
    </test> <!-- Test -->
  </suite> <!-- Suite -->
</testng-results>
