<?xml version="1.0" encoding="UTF-8"?>
<testng-results skipped="0" failed="0" ignored="0" total="1" passed="1">
  <reporter-output>
  </reporter-output>
  <suite name="Default suite" duration-ms="4509" started-at="2021-02-25T04:16:57Z" finished-at="2021-02-25T04:17:01Z">
    <groups>
    </groups>
    <test name="Default test" duration-ms="4509" started-at="2021-02-25T04:16:57Z" finished-at="2021-02-25T04:17:01Z">
      <class name="test.TestCase1">
        <test-method status="PASS" signature="setup()[pri:0, instance:test.TestCase1@646007f4]" name="setup" is-config="true" duration-ms="1349" started-at="2021-02-25T04:16:57Z" finished-at="2021-02-25T04:16:58Z">
          <reporter-output>
          </reporter-output>
        </test-method> <!-- setup -->
        <test-method status="PASS" signature="LoginTest()[pri:0, instance:test.TestCase1@646007f4]" name="LoginTest" duration-ms="3067" started-at="2021-02-25T04:16:58Z" finished-at="2021-02-25T04:17:01Z">
          <reporter-output>
          </reporter-output>
        </test-method> <!-- LoginTest -->
        <test-method status="PASS" signature="CloseBrowser()[pri:0, instance:test.TestCase1@646007f4]" name="CloseBrowser" is-config="true" duration-ms="71" started-at="2021-02-25T04:17:01Z" finished-at="2021-02-25T04:17:01Z">
          <reporter-output>
          </reporter-output>
        </test-method> <!-- CloseBrowser -->
      </class> <!-- test.TestCase1 -->
    </test> <!-- Default test -->
  </suite> <!-- Default suite -->
</testng-results>
